<?xml version="1.0" encoding="UTF-8"?>
<!-- Generated by org.testng.reporters.JUnitReportReporter -->
<testsuite hostname="LAPTOP-UE1RUID6" failures="0" tests="3" name="CompanyName.Tests.SubmitOrderTest" time="18.942" errors="0" timestamp="2023-08-20T11:23:33 IST" skipped="0">
  <testcase classname="CompanyName.Tests.SubmitOrderTest" name="SubmitOrder" time="9.184"/>
  <testcase classname="CompanyName.Tests.SubmitOrderTest" name="orderHistorytest" time="2.497"/>
  <testcase classname="CompanyName.Tests.SubmitOrderTest" name="SubmitOrder" time="7.261"/>
</testsuite> <!-- CompanyName.Tests.SubmitOrderTest -->
