<?xml version="1.0" encoding="UTF-8"?>
<!-- Generated by org.testng.reporters.JUnitReportReporter -->
<testsuite hostname="LAPTOP-UE1RUID6" failures="0" tests="1" name="CompanyName.Tests.test" time="10.659" errors="0" timestamp="2023-08-19T00:41:03 IST" skipped="0">
  <testcase classname="CompanyName.Tests.test" name="SubmitOrder" time="10.659"/>
</testsuite> <!-- CompanyName.Tests.test -->
