<?xml version="1.0" encoding="UTF-8"?>
<!-- Generated by org.testng.reporters.JUnitReportReporter -->
<testsuite hostname="LAPTOP-UE1RUID6" failures="0" tests="3" name="CompanyName.Tests.SubmitOrderTest" time="21.449" errors="0" timestamp="2023-08-24T12:00:11 IST" skipped="0">
  <testcase classname="CompanyName.Tests.SubmitOrderTest" name="SubmitOrder" time="8.553"/>
  <testcase classname="CompanyName.Tests.SubmitOrderTest" name="orderHistorytest" time="6.019"/>
  <testcase classname="CompanyName.Tests.SubmitOrderTest" name="SubmitOrder" time="6.877"/>
</testsuite> <!-- CompanyName.Tests.SubmitOrderTest -->
