<?xml version="1.0" encoding="UTF-8"?>
<!-- Generated by org.testng.reporters.JUnitReportReporter -->
<testsuite hostname="LAPTOP-UE1RUID6" failures="0" tests="2" name="CompanyName.Tests.ErrorValidations" time="10.693" errors="0" timestamp="2023-08-24T12:00:11 IST" skipped="0">
  <testcase classname="CompanyName.Tests.ErrorValidations" name="loginErrorValidation" time="3.412"/>
  <testcase classname="CompanyName.Tests.ErrorValidations" name="ProductErrorValidation" time="7.281"/>
</testsuite> <!-- CompanyName.Tests.ErrorValidations -->
